<?xml version="1.0" encoding="UTF-8"?>
<!-- Generated by org.testng.reporters.JUnitXMLReporter -->
<testsuite ignored="0" hostname="Prince-Pc" failures="0" tests="5" name="TddAndBdd" time="16.536" errors="0" timestamp="2022-01-30T21:18:13 EST">
  <testcase classname="testing.AddToCart" name="login_userName_password_clickLogInBtn" time="5.338"/>
  <testcase classname="testing.AddToCart" name="after_login_click_laptops_navigate_to_laptops" time="5.111"/>
  <testcase classname="testing.AddToCart" name="at_laptops_select_sonyViaoI5_and_verify_sonyViaoI5_page" time="0.538"/>
  <testcase classname="testing.AddToCart" name="at_selected_laptop_click_addToCart" time="0.911"/>
  <testcase classname="testing.AddToCart" name="navigate_to_cart_and_verify_added_product" time="0.738"/>
</testsuite> <!-- TddAndBdd -->
