<?xml version="1.0" encoding="UTF-8"?>
<!-- Generated by org.testng.reporters.JUnitXMLReporter -->
<testsuite ignored="0" hostname="Prince-Pc" failures="0" tests="5" name="TDDFramework" time="20.86" errors="0" timestamp="2022-01-31T18:35:34 EST">
  <testcase classname="testing.AddToCart" name="login_userName_password_clickLogInBtn" time="5.844"/>
  <testcase classname="testing.AddToCart" name="after_login_click_laptops_navigate_to_laptops" time="5.413"/>
  <testcase classname="testing.AddToCart" name="at_laptops_select_sonyViaoI5_and_verify_sonyViaoI5_page" time="3.732"/>
  <testcase classname="testing.AddToCart" name="at_selected_laptop_click_addToCart" time="0.891"/>
  <testcase classname="testing.AddToCart" name="navigate_to_cart_and_verify_added_product" time="0.905"/>
</testsuite> <!-- TDDFramework -->
